<?xml version="1.0" encoding="UTF-8"?>
<!-- Generated by org.testng.reporters.JUnitXMLReporter -->
<testsuite ignored="0" hostname="LAPTOP-KPHJ2A8U" failures="0" tests="2" name="GoogleSearch" time="8.452" errors="0" timestamp="2021-07-06T17:16:01 IST">
  <testcase classname="com.asaf.selenium.framework.Demo.Tests.GoogleSearchTest" name="TestGoogleSearch" time="8.417"/>
  <testcase classname="com.asaf.com.asaf.selenium.framework.TestNGBase" name="f" time="0.0"/>
</testsuite> <!-- GoogleSearch -->
