<?xml version="1.0" encoding="UTF-8"?>
<testng-results ignored="0" total="2" passed="2" failed="0" skipped="0">
  <reporter-output>
  </reporter-output>
  <suite started-at="2021-07-06T17:15:53 IST" name="Sanity" finished-at="2021-07-06T17:16:01 IST" duration-ms="8452">
    <groups>
    </groups>
    <test started-at="2021-07-06T17:15:53 IST" name="GoogleSearch" finished-at="2021-07-06T17:16:01 IST" duration-ms="8452">
      <class name="com.asaf.selenium.framework.Demo.Tests.GoogleSearchTest">
        <test-method is-config="true" signature="beforeSuite()[pri:0, instance:com.asaf.selenium.framework.Demo.Tests.GoogleSearchTest@66d3eec0]" started-at="2021-07-06T17:15:51 IST" name="beforeSuite" finished-at="2021-07-06T17:15:53 IST" duration-ms="1649" status="PASS">
          <reporter-output>
          </reporter-output>
        </test-method> <!-- beforeSuite -->
        <test-method signature="TestGoogleSearch()[pri:0, instance:com.asaf.selenium.framework.Demo.Tests.GoogleSearchTest@66d3eec0]" started-at="2021-07-06T17:15:53 IST" name="TestGoogleSearch" finished-at="2021-07-06T17:16:01 IST" duration-ms="8417" status="PASS">
          <reporter-output>
          </reporter-output>
        </test-method> <!-- TestGoogleSearch -->
        <test-method signature="f()[pri:0, instance:com.asaf.selenium.framework.Demo.Tests.GoogleSearchTest@66d3eec0]" started-at="2021-07-06T17:16:01 IST" name="f" finished-at="2021-07-06T17:16:01 IST" duration-ms="0" status="PASS">
          <reporter-output>
          </reporter-output>
        </test-method> <!-- f -->
        <test-method is-config="true" signature="afterSuite()[pri:0, instance:com.asaf.selenium.framework.Demo.Tests.GoogleSearchTest@66d3eec0]" started-at="2021-07-06T17:16:02 IST" name="afterSuite" finished-at="2021-07-06T17:16:02 IST" duration-ms="1" status="PASS">
          <reporter-output>
          </reporter-output>
        </test-method> <!-- afterSuite -->
      </class> <!-- com.asaf.selenium.framework.Demo.Tests.GoogleSearchTest -->
    </test> <!-- GoogleSearch -->
  </suite> <!-- Sanity -->
</testng-results>
