<?xml version="1.0" encoding="UTF-8"?>
<testng-results ignored="0" total="0" passed="0" failed="0" skipped="0">
  <reporter-output>
  </reporter-output>
  <suite started-at="2021-06-14T10:29:09Z" name="com.asaf.com.asaf.selenium.framework.AppTest" finished-at="2021-06-14T10:29:09Z" duration-ms="9">
    <groups>
    </groups>
    <test started-at="2021-06-14T10:29:09Z" name="Command line test" finished-at="2021-06-14T10:29:09Z" duration-ms="9">
    </test> <!-- Command line test -->
  </suite> <!-- com.asaf.com.asaf.selenium.framework.AppTest -->
</testng-results>
